2025-01-15 12:07:41.210 - DBeaver 24.3.0.202412011650 is starting
2025-01-15 12:07:41.211 - OS: Windows 10 10.0 (amd64)
2025-01-15 12:07:41.211 - Java version: 17.0.6 by Eclipse Adoptium (64bit)
2025-01-15 12:07:41.211 - Install path: 'D:\web_0900_bjs\dbms\resource\dbeaver-ce-24.3.0-win32.win32.x86_64\dbeaver'
2025-01-15 12:07:41.212 - Instance path: 'file:/D:/web_0900_bjs/jsp/jsp/dbms/'
2025-01-15 12:07:41.213 - Memory available 64Mb/1024Mb
2025-01-15 12:07:41.213 - Platform not initialized: metadata folder may be not set
2025-01-15 12:07:41.220 - Create display
2025-01-15 12:07:41.298 - Initialize desktop platform...
2025-01-15 12:07:41.388 - BounceCastle bundle found. Use JCE provider BC
> Start Core File Systems [org.eclipse.core.filesystem 1.11.0.v20240824-0952]
> Start Core Resource Management [org.eclipse.core.resources 3.21.0.v20240805-1607]
> Start Team Support Core [org.eclipse.team.core 3.10.500.v20240621-0541]
> Start DBeaver UI Navigator [org.jkiss.dbeaver.ui.navigator 1.0.144.202412011650]
2025-01-15 12:07:41.530 - Initialize base platform...
> Start DBeaver UI Editors - Base [org.jkiss.dbeaver.ui.editors.base 1.0.144.202412011650]
2025-01-15 12:07:41.545 - Platform initialized (247ms)
2025-01-15 12:07:41.577 - Starting instance server at http://localhost:50066
2025-01-15 12:07:41.582 - Run workbench
> Start Eclipse e4 Workbench SWT [org.eclipse.e4.ui.workbench.swt 0.17.500.v20240807-0911]
> Start Eclipse Application Services [org.eclipse.e4.core.services 2.4.400.v20240413-1529]
> Start Eclipse UI Application Services [org.eclipse.e4.ui.services 1.6.300.v20231201-1637]
> Start Eclipse e4 Progress View [org.eclipse.e4.ui.progress 0.4.600.v20240606-1020]
> Start Eclipse Bindings Support [org.eclipse.e4.ui.bindings 0.14.400.v20240321-1245]
> Start Eclipse e4 core commands [org.eclipse.e4.core.commands 1.1.400.v20240424-0444]
> Start EMF XML/XMI Persistence [org.eclipse.emf.ecore.xmi 2.38.0.v20240721-0634]
> Start Eclipse CSS SWT Theme Support [org.eclipse.e4.ui.css.swt.theme 0.14.400.v20240424-0956]
> Start Eclipse e4 Workbench Add-ons [org.eclipse.e4.ui.workbench.addons.swt 1.5.500.v20240620-1945]
> Start Eclipse e4 Workbench SWT Renderer [org.eclipse.e4.ui.workbench.renderers.swt 0.16.500.v20240727-1037]
> Start Eclipse Dependency Injection Extensions [org.eclipse.e4.core.di.extensions 0.18.300.v20240413-1529]
> Start Eclipse CSS SWT Support [org.eclipse.e4.ui.css.swt 0.15.400.v20240321-1245]
> Start Default Text Editor [org.eclipse.ui.editors 3.18.0.v20240807-0735]
> Start Text Editor Framework [org.eclipse.ui.workbench.texteditor 3.18.0.v20240819-1419]
2025-01-15 12:07:42.722 - Configure workbench window
> Start DBeaver SQL Model [org.jkiss.dbeaver.model.sql 1.0.134.202412011650]
2025-01-15 12:07:42.798 - Script dialect 'gbase8s' not found in registry (for data source provider gbase8s). Use default.
2025-01-15 12:07:42.828 - Total database drivers: 121 (121)
> Start Help System Core [org.eclipse.help 3.10.400.v20240415-0528]
2025-01-15 12:07:42.879 - Create actions
2025-01-15 12:07:42.883 - Disable Eclipse action set 'org.eclipse.ui.edit.text.actionSet.annotationNavigation'
2025-01-15 12:07:42.884 - Disable Eclipse action set 'org.eclipse.ui.WorkingSetActionSet'
2025-01-15 12:07:42.884 - Disable Eclipse action set 'org.eclipse.ui.actionSet.openFiles'
2025-01-15 12:07:42.884 - Create workbench actions
2025-01-15 12:07:43.128 - Initialize workbench window
2025-01-15 12:07:43.134 - Finish initialization
> Start DBeaver UI Editors - Data [org.jkiss.dbeaver.ui.editors.data 1.0.144.202412011650]
Warning: NLS unused message: actions_navigator__objects in: org.jkiss.dbeaver.ui.editors.sql.internal.SQLEditorMessages
> Start DBeaver UI Editors - SQL [org.jkiss.dbeaver.ui.editors.sql 1.0.144.202412011650]
> Start DBeaver SQL Terminal [org.jkiss.dbeaver.ui.editors.sql.terminal 1.0.120.202412011650]
> Start Core Compare Support [org.eclipse.compare.core 3.8.500.v20240524-2010]
> Start Internet Connection Management UI [org.eclipse.ui.net 1.5.400.v20240413-1529]
> Start Internet Connection Management [org.eclipse.core.net 1.5.500.v20240625-1706]
> Start DBeaver Sample Database [org.jkiss.dbeaver.ext.sample.database 1.0.181.202412011650]
> Start DBeaver Tip of the day [org.jkiss.dbeaver.ext.ui.tipoftheday 1.0.150.202412011650]
> Start GEF Classic Draw2d [org.eclipse.draw2d 3.17.0.202409021815]
> Start GEF Classic GEF (MVC) [org.eclipse.gef 3.19.0.202409021815]
> Start DBeaver ERD UI [org.jkiss.dbeaver.erd.ui 3.0.104.202412011650]
> Start DBeaver ERD Model [org.jkiss.dbeaver.erd.model 1.0.104.202412011650]
> Start DBeaver Dashboard UI [org.jkiss.dbeaver.ui.dashboard 1.0.141.202412011650]
> Start DBeaver UI Editors - Connections [org.jkiss.dbeaver.ui.editors.connection 1.0.135.202412011650]
> Start DBeaver JDBC Model [org.jkiss.dbeaver.model.jdbc 1.0.37.202412011650]
> Start DBeaver Oracle Model [org.jkiss.dbeaver.ext.oracle 2.1.229.202412011650]
> Start Console [org.eclipse.ui.console 3.14.100.v20240429-1358]
> Start Debug Core [org.eclipse.debug.core 3.21.500.v20240801-2219]
> Start DBeaver Tasks - Native Tools UI [org.jkiss.dbeaver.tasks.native.ui 1.0.122.202412011650]
> Start DBeaver Oracle UI [org.jkiss.dbeaver.ext.oracle.ui 1.0.131.202412011650]
> Start DBeaver Tasks - General UI [org.jkiss.dbeaver.tasks.ui 1.0.122.202412011650]
2025-01-15 12:07:44.746 - Connect with 'localhost' (oracle_thin-19463c3ab8e-21393ef19f7fe3f0)
2025-01-15 12:07:44.768 - Execution context opened (localhost; Main; 0)
2025-01-15 12:07:45.150 - Execution context opened (localhost; Metadata; 1)
> Start DBeaver SQL Language Semantic Model [org.jkiss.dbeaver.model.lsm 1.0.39.202412011650]
2025-01-15 12:07:45.234 - Connected (oracle_thin-19463c3ab8e-21393ef19f7fe3f0, Oracle JDBC driver [21.3.0.0.0])
2025-01-15 12:07:45.235 - Execution context opened (localhost; SQLEditor <Script.sql>; 2)
2025-01-15 12:07:46.982 - Open [https://dbeaver.io/product/version.xml]
2025-01-15 12:08:01.493 - Unrecognized Oracle client version at C:\oracle21c\dbhomeXE
2025-01-15 12:08:01.494 - Unrecognized Oracle client version at C:\oraclexe\app\oracle\product\11.2.0\server
2025-01-15 12:08:01.553 - Auth model 'native' was replaced by 'oracle_native'
2025-01-15 12:08:01.565 - Service 'org.jkiss.dbeaver.runtime.ui.UIServiceSecurity' not found
2025-01-15 12:08:13.033 - Connect with 'jdbc:oracle:thin:@//localhost:1521/XE' (oracle_thin-19467eed559-5430a6b68bc94ead)
2025-01-15 12:08:13.034 - Execution context opened (jdbc:oracle:thin:@//localhost:1521/XE; Main; 3)
2025-01-15 12:08:13.070 - Connected (oracle_thin-19467eed559-5430a6b68bc94ead, Oracle JDBC driver [21.3.0.0.0])
2025-01-15 12:08:13.083 - Execution context closed (jdbc:oracle:thin:@//localhost:1521/XE, 3)
2025-01-15 12:08:13.083 - Disconnected (oracle_thin-19467eed559-5430a6b68bc94ead)
2025-01-15 12:08:16.504 - Connect with 'localhost' (oracle_thin-19467eea853-15ce5ae31e4749f2)
2025-01-15 12:08:16.505 - Execution context opened (localhost; Main; 4)
2025-01-15 12:08:16.524 - Execution context opened (localhost; Metadata; 5)
2025-01-15 12:08:16.545 - Connected (oracle_thin-19467eea853-15ce5ae31e4749f2, Oracle JDBC driver [21.3.0.0.0])
2025-01-15 12:08:16.546 - Execution context opened (localhost; SQLEditor <Script.sql>; 6)
2025-01-15 12:12:47.991 - SQL Error [907] [42000]: ORA-00907: 누락된 우괄호

org.jkiss.dbeaver.model.sql.DBSQLException: SQL Error [907] [42000]: ORA-00907: 누락된 우괄호

	at org.jkiss.dbeaver.model.impl.jdbc.exec.JDBCStatementImpl.executeStatement(JDBCStatementImpl.java:130)
	at org.jkiss.dbeaver.ui.editors.sql.execute.SQLQueryJob.executeStatement(SQLQueryJob.java:631)
	at org.jkiss.dbeaver.ui.editors.sql.execute.SQLQueryJob.lambda$2(SQLQueryJob.java:522)
	at org.jkiss.dbeaver.model.exec.DBExecUtils.tryExecuteRecover(DBExecUtils.java:192)
	at org.jkiss.dbeaver.ui.editors.sql.execute.SQLQueryJob.executeSingleQuery(SQLQueryJob.java:541)
	at org.jkiss.dbeaver.ui.editors.sql.execute.SQLQueryJob.extractData(SQLQueryJob.java:1016)
	at org.jkiss.dbeaver.ui.editors.sql.SQLEditor$QueryResultsContainer.readData(SQLEditor.java:4273)
	at org.jkiss.dbeaver.ui.controls.resultset.ResultSetJobDataRead.lambda$0(ResultSetJobDataRead.java:128)
	at org.jkiss.dbeaver.model.exec.DBExecUtils.tryExecuteRecover(DBExecUtils.java:192)
	at org.jkiss.dbeaver.ui.controls.resultset.ResultSetJobDataRead.run(ResultSetJobDataRead.java:126)
	at org.jkiss.dbeaver.ui.controls.resultset.ResultSetViewer$ResultSetDataPumpJob.run(ResultSetViewer.java:5166)
	at org.jkiss.dbeaver.model.runtime.AbstractJob.run(AbstractJob.java:119)
	at org.eclipse.core.internal.jobs.Worker.run(Worker.java:63)
Caused by: java.sql.SQLSyntaxErrorException: ORA-00907: 누락된 우괄호

	at oracle.jdbc.driver.T4CTTIoer11.processError(T4CTTIoer11.java:630)
	at oracle.jdbc.driver.T4CTTIoer11.processError(T4CTTIoer11.java:564)
	at oracle.jdbc.driver.T4C8Oall.processError(T4C8Oall.java:1231)
	at oracle.jdbc.driver.T4CTTIfun.receive(T4CTTIfun.java:772)
	at oracle.jdbc.driver.T4CTTIfun.doRPC(T4CTTIfun.java:299)
	at oracle.jdbc.driver.T4C8Oall.doOALL(T4C8Oall.java:512)
	at oracle.jdbc.driver.T4CStatement.doOall8(T4CStatement.java:123)
	at oracle.jdbc.driver.T4CStatement.executeForRows(T4CStatement.java:1200)
	at oracle.jdbc.driver.OracleStatement.executeSQLStatement(OracleStatement.java:1820)
	at oracle.jdbc.driver.OracleStatement.doExecuteWithTimeout(OracleStatement.java:1472)
	at oracle.jdbc.driver.OracleStatement.executeInternal(OracleStatement.java:2505)
	at oracle.jdbc.driver.OracleStatement.execute(OracleStatement.java:2460)
	at oracle.jdbc.driver.OracleStatementWrapper.execute(OracleStatementWrapper.java:328)
	at org.jkiss.dbeaver.model.impl.jdbc.exec.JDBCStatementImpl.execute(JDBCStatementImpl.java:344)
	at org.jkiss.dbeaver.model.impl.jdbc.exec.JDBCStatementImpl.executeStatement(JDBCStatementImpl.java:128)
	... 12 more
Caused by: Error : 907, Position : 194, Sql = CREATE TABLE TBL_USER(
	USER_NUMBER NUMBER,
	USER_ID VARCHAR2(10),
	USER_PW VARCHAR2(20),
	USER_NAME VARCHAR2(100),
	USER_AGE NUMBER,
	USER_GENDER CHAR(1),
	CONTRAINT USER_PK PRIMARY KEY (USER_NUMBER)
), OriginalSql = CREATE TABLE TBL_USER(
	USER_NUMBER NUMBER,
	USER_ID VARCHAR2(10),
	USER_PW VARCHAR2(20),
	USER_NAME VARCHAR2(100),
	USER_AGE NUMBER,
	USER_GENDER CHAR(1),
	CONTRAINT USER_PK PRIMARY KEY (USER_NUMBER)
), Error Msg = ORA-00907: 누락된 우괄호

	at oracle.jdbc.driver.T4CTTIoer11.processError(T4CTTIoer11.java:637)
	... 26 more
> Start DBeaver Data Transfer [org.jkiss.dbeaver.data.transfer 2.0.128.202412011650]
2025-01-15 17:57:30.059 - Execution context closed (localhost, 2)
2025-01-15 17:57:30.094 - Execution context closed (localhost, 6)
2025-01-15 17:57:30.187 - Dispose navigator model
2025-01-15 17:57:30.202 - DBeaver is stopping
2025-01-15 17:57:30.202 - Stop instance server
2025-01-15 17:57:31.209 - Instance server has been stopped
2025-01-15 17:57:31.209 - DBeaver shutdown completed
